<?xml version="1.0" encoding="UTF-8"?>
<!-- Generated by org.testng.reporters.JUnitReportReporter -->
<testsuite hostname="DESKTOP-NJTU5BU" failures="0" tests="4" name="petShopAPI.MethodChain" time="6.832" errors="0" timestamp="2022-08-06T20:59:44 IST" skipped="1">
  <testcase classname="petShopAPI.MethodChain" name="deletePetDetail" time="0.033"/>
  <system-out/>
  <testcase classname="petShopAPI.MethodChain" name="postComplexPetDetail" time="0.692"/>
  <system-out/>
  <testcase classname="petShopAPI.MethodChain" name="getPetDetail" time="6.107"/>
  <system-out/>
  <testcase classname="petShopAPI.MethodChain" name="postPetDetail">
    <skipped/>
  </testcase> <!-- postPetDetail -->
  <system-out/>
</testsuite> <!-- petShopAPI.MethodChain -->
