<?xml version="1.0" encoding="UTF-8"?>
<!-- Generated by org.testng.reporters.JUnitReportReporter -->
<testsuite hostname="DESKTOP-NJTU5BU" failures="0" tests="4" name="learnAPI.PostCall" time="8.480" errors="0" timestamp="2022-08-06T22:31:08 IST" skipped="2">
  <testcase classname="learnAPI.PostCall" name="createUser" time="8.467"/>
  <system-out/>
  <testcase classname="learnAPI.PostCall" name="getDataFromJson" time="0.013"/>
  <system-out/>
  <testcase classname="learnAPI.PostCall" name="updateUser">
    <skipped/>
  </testcase> <!-- updateUser -->
  <system-out/>
  <testcase classname="learnAPI.PostCall" name="deleteUser">
    <skipped/>
  </testcase> <!-- deleteUser -->
  <system-out/>
</testsuite> <!-- learnAPI.PostCall -->
