<?xml version="1.0" encoding="UTF-8"?>
<!-- Generated by org.testng.reporters.JUnitReportReporter -->
<testsuite hostname="DESKTOP-NJTU5BU" failures="0" tests="1" name="employee_Payload.ConvertPayloadFromPojoToJson" time="1.248" errors="0" timestamp="2022-08-05T15:05:30 IST" skipped="0">
  <testcase classname="employee_Payload.ConvertPayloadFromPojoToJson" name="pojoToJson" time="1.248"/>
  <system-out/>
</testsuite> <!-- employee_Payload.ConvertPayloadFromPojoToJson -->
