<?xml version="1.0" encoding="UTF-8"?>
<!-- Generated by org.testng.reporters.JUnitReportReporter -->
<testsuite hostname="DESKTOP-NJTU5BU" failures="0" tests="1" name="learnFromInterview.CsvFileReader" time="0.125" errors="0" timestamp="2022-08-05T21:58:31 IST" skipped="0">
  <testcase classname="learnFromInterview.CsvFileReader" name="csvReader" time="0.125"/>
  <system-out/>
</testsuite> <!-- learnFromInterview.CsvFileReader -->
