<?xml version="1.0" encoding="UTF-8"?>
<!-- Generated by org.testng.reporters.JUnitReportReporter -->
<testsuite hostname="DESKTOP-NJTU5BU" failures="0" tests="2" name="learnAPI.GetCall" time="9.630" errors="0" timestamp="2022-08-06T22:35:46 IST" skipped="0">
  <testcase classname="learnAPI.GetCall" name="getcall" time="9.626"/>
  <system-out/>
  <testcase classname="learnAPI.GetCall" name="datafrommethod" time="0.004"/>
  <system-out/>
</testsuite> <!-- learnAPI.GetCall -->
